<?xml version="1.0" encoding="UTF-8"?>
<testng-results skipped="0" failed="0" total="1" passed="1">
  <reporter-output>
  </reporter-output>
  <suite name="Surefire suite" duration-ms="10601" started-at="2019-07-22T07:35:51Z" finished-at="2019-07-22T07:36:01Z">
    <groups>
    </groups>
    <test name="Surefire test" duration-ms="10601" started-at="2019-07-22T07:35:51Z" finished-at="2019-07-22T07:36:01Z">
      <class name="websocket.WebsocketDemoApplicationTests">
        <test-method status="PASS" signature="stompTest()[pri:0, instance:stompTest(websocket.WebsocketDemoApplicationTests)]" name="stompTest" duration-ms="996" started-at="2019-07-22T07:36:00Z" finished-at="2019-07-22T07:36:01Z">
          <reporter-output>
          </reporter-output>
        </test-method> <!-- stompTest -->
      </class> <!-- websocket.WebsocketDemoApplicationTests -->
    </test> <!-- Surefire test -->
  </suite> <!-- Surefire suite -->
</testng-results>
