-------------------------------------------------------------------------------
Test set: websocket.ChatControllerTest
-------------------------------------------------------------------------------
Tests run: 1, Failures: 1, Errors: 0, Skipped: 0, Time elapsed: 6.749 s <<< FAILURE! - in websocket.ChatControllerTest
test(websocket.ChatControllerTest)  Time elapsed: 0.281 s  <<< FAILURE!
java.lang.AssertionError: Status expected:<200> but was:<404>
	at websocket.ChatControllerTest.test(ChatControllerTest.java:28)

